<?xml version="1.0" encoding="UTF-8"?>
<!-- Generated by org.testng.reporters.JUnitReportReporter -->
<testsuite hostname="TD247E-L053" failures="0" tests="3" name="Tests.SignUpTests" time="77.480" errors="0" timestamp="2021-02-27T15:17:31 EET" skipped="1">
  <testcase classname="Tests.SignUpTests" name="SignIn" time="5.246"/>
  <system-out/>
  <testcase classname="Tests.SignUpTests" name="CheckoutOrder" time="72.234"/>
  <system-out/>
  <testcase classname="Tests.SignUpTests" name="SignUp">
    <skipped/>
  </testcase> <!-- SignUp -->
  <system-out/>
</testsuite> <!-- Tests.SignUpTests -->
